<?xml version="1.0" encoding="UTF-8"?>
<!-- Generated by org.testng.reporters.JUnitReportReporter -->
<testsuite skipped="0" hostname="Adesh-PC" name="com.selenium.mavenproject.NewTest" tests="6" failures="0" timestamp="08 Apr 2018 03:46:13 GMT" time="26.151" errors="0">
  <testcase name="f" time="3.353" classname="com.selenium.mavenproject.NewTest"/>
  <testcase name="addtocard" time="15.615" classname="com.selenium.mavenproject.NewTest"/>
  <testcase name="checkout" time="2.473" classname="com.selenium.mavenproject.NewTest"/>
  <testcase name="signIn" time="1.585" classname="com.selenium.mavenproject.NewTest"/>
  <testcase name="address" time="1.680" classname="com.selenium.mavenproject.NewTest"/>
  <testcase name="shipping" time="1.445" classname="com.selenium.mavenproject.NewTest"/>
</testsuite> <!-- com.selenium.mavenproject.NewTest -->
