<?xml version="1.0" encoding="UTF-8"?>
<!-- Generated by org.testng.reporters.JUnitReportReporter -->
<testsuite skipped="0" hostname="Adesh-PC" name="com.selenium.mavenproject.AppTest" tests="1" failures="0" timestamp="08 Apr 2018 03:46:14 GMT" time="0.001" errors="0">
  <testcase name="testApp" time="0.001" classname="com.selenium.mavenproject.AppTest"/>
</testsuite> <!-- com.selenium.mavenproject.AppTest -->
