<?xml version="1.0" encoding="UTF-8"?>
<!-- Generated by org.testng.reporters.JUnitReportReporter -->
<testsuite skipped="0" hostname="Adesh-PC" name="com.selenium.mavenproject.ExtentReport" tests="1" failures="0" timestamp="06 Jun 2018 07:42:54 GMT" time="7.500" errors="0">
  <testcase name="Test" time="7.500" classname="com.selenium.mavenproject.ExtentReport"/>
</testsuite> <!-- com.selenium.mavenproject.ExtentReport -->
