<?xml version="1.0" encoding="UTF-8"?>
<!-- Generated by org.testng.reporters.JUnitReportReporter -->
<testsuite skipped="0" hostname="Adesh-PC" name="com.selenium.mavenproject.AppiumClass" tests="1" failures="0" timestamp="06 Jun 2018 07:57:19 GMT" time="1.974" errors="0">
  <testcase name="f" time="1.974" classname="com.selenium.mavenproject.AppiumClass"/>
</testsuite> <!-- com.selenium.mavenproject.AppiumClass -->
