<?xml version="1.0" encoding="UTF-8"?>
<!-- Generated by org.testng.reporters.JUnitReportReporter -->
<testsuite skipped="1" hostname="Adesh-PC" name="com.selenium.mavenproject.ActionClass" tests="2" failures="0" timestamp="25 May 2018 16:41:30 GMT" time="13.027" errors="0">
  <testcase name="drag" time="13.027" classname="com.selenium.mavenproject.ActionClass"/>
  <testcase name="mouseover" classname="com.selenium.mavenproject.ActionClass">
    <skipped/>
  </testcase> <!-- mouseover -->
</testsuite> <!-- com.selenium.mavenproject.ActionClass -->
