<?xml version="1.0" encoding="UTF-8"?>
<!-- Generated by org.testng.reporters.JUnitReportReporter -->
<testsuite skipped="0" hostname="Adesh-PC" name="com.selenium.mavenproject.NewTest" tests="6" failures="0" timestamp="09 Jun 2018 04:46:57 GMT" time="44.209" errors="0">
  <testcase name="f" time="3.505" classname="com.selenium.mavenproject.NewTest"/>
  <testcase name="addtocard" time="28.202" classname="com.selenium.mavenproject.NewTest"/>
  <testcase name="checkout" time="2.420" classname="com.selenium.mavenproject.NewTest"/>
  <testcase name="signIn" time="2.644" classname="com.selenium.mavenproject.NewTest"/>
  <testcase name="address" time="5.068" classname="com.selenium.mavenproject.NewTest"/>
  <testcase name="shipping" time="2.370" classname="com.selenium.mavenproject.NewTest"/>
</testsuite> <!-- com.selenium.mavenproject.NewTest -->
